c:\work\g01\gshayan\debug\gshayan.pch
c:\work\g01\gshayan\debug\vc140.pdb
c:\work\g01\gshayan\debug\vc140.idb
c:\work\g01\gshayan\debug\stdafx.obj
c:\work\g01\gshayan\debug\gshayan.pdb
c:\work\g01\gshayan\debug\gshayan.idb
c:\work\g01\gshayan\debug\animcallback.obj
c:\work\g01\gshayan\debug\animlinearkeycallback.obj
c:\work\g01\gshayan\debug\animstepkeycallback.obj
c:\work\g01\gshayan\debug\animmatrixkeycallback.obj
c:\work\g01\gshayan\debug\animtkstatesetupdatecallback.obj
c:\work\g01\gshayan\debug\controll_socket_opengl.obj
c:\work\g01\gshayan\debug\controolpack.obj
c:\work\g01\gshayan\debug\convertutf8.obj
c:\work\g01\gshayan\debug\gdikeyer.obj
c:\work\g01\gshayan\debug\glextensions.obj
c:\work\g01\gshayan\debug\g01.obj
c:\work\g01\gshayan\debug\osgtest01.obj
c:\work\g01\gshayan\debug\shnodepic.obj
c:\work\g01\gshayan\debug\packreader.obj
c:\work\g01\gshayan\debug\settingpack.obj
c:\work\g01\gshayan\debug\socekets1.obj
c:\work\g01\gshayan\debug\json_reader.obj
c:\work\g01\gshayan\debug\json_value.obj
c:\work\g01\gshayan\debug\json_writer.obj
c:\work\g01\gshayan\debug\statesetcallback_imagesequence.obj
c:\work\g01\gshayan\debug\animbezierkeycallback.obj
c:\work\g01\gshayan\debug\decklinkapi_i.obj
c:\work\g01\gshayan\debug\imgui.obj
c:\work\g01\gshayan\debug\imgui_demo.obj
c:\work\g01\gshayan\debug\imgui_draw.obj
c:\work\g01\gshayan\debug\imgui_impl_glfw_gl2.obj
c:\work\g01\gshayan\debug\main.obj
c:\work\g01\debug\gshayan.lib
c:\work\g01\debug\gshayan.exp
c:\work\g01\debug\gshayan.ilk
c:\work\g01\debug\gshayan.exe
c:\work\g01\debug\gshayan.pdb
c:\work\g01\gshayan\debug\gshayan.tlb
c:\work\g01\gshayan\decklinkapi_i.c
c:\work\g01\gshayan\decklinkapi_h.h
c:\work\g01\gshayan\debug\opengloutput.res
c:\work\g01\gshayan\debug\opengloutput.vcxprojresolveassemblyreference.cache
c:\work\g01\gshayan\debug\gshayan.tlog\cl.command.1.tlog
c:\work\g01\gshayan\debug\gshayan.tlog\cl.read.1.tlog
c:\work\g01\gshayan\debug\gshayan.tlog\cl.write.1.tlog
c:\work\g01\gshayan\debug\gshayan.tlog\gshayan.write.1u.tlog
c:\work\g01\gshayan\debug\gshayan.tlog\lib-link.read.1.tlog
c:\work\g01\gshayan\debug\gshayan.tlog\lib-link.write.1.tlog
c:\work\g01\gshayan\debug\gshayan.tlog\lib.command.1.tlog
c:\work\g01\gshayan\debug\gshayan.tlog\link.command.1.tlog
c:\work\g01\gshayan\debug\gshayan.tlog\link.read.1.tlog
c:\work\g01\gshayan\debug\gshayan.tlog\link.write.1.tlog
c:\work\g01\gshayan\debug\gshayan.tlog\metagen.write.1.tlog
c:\work\g01\gshayan\debug\gshayan.tlog\midl.command.1.tlog
c:\work\g01\gshayan\debug\gshayan.tlog\midl.read.1.tlog
c:\work\g01\gshayan\debug\gshayan.tlog\midl.write.1.tlog
c:\work\g01\gshayan\debug\gshayan.tlog\rc.command.1.tlog
c:\work\g01\gshayan\debug\gshayan.tlog\rc.read.1.tlog
c:\work\g01\gshayan\debug\gshayan.tlog\rc.write.1.tlog
